<?xml version="1.0" encoding="UTF-8"?>
<testsuite name="Tests.CsvTest" tests="3" skipped="0" failures="0" errors="0" timestamp="2018-01-24T19:56:19" hostname="DESKTOP-KE215AE" time="0.009">
  <properties/>
  <testcase name="testPass_to_file" classname="Tests.CsvTest" time="0.001"/>
  <testcase name="testFilenames" classname="Tests.CsvTest" time="0.007"/>
  <testcase name="testPass_to_table" classname="Tests.CsvTest" time="0.0"/>
  <system-out><![CDATA[]]></system-out>
  <system-err><![CDATA[]]></system-err>
</testsuite>
