<?xml version="1.0" encoding="UTF-8"?>
<testsuite name="Tests.RowTest" tests="3" skipped="0" failures="0" errors="0" timestamp="2018-01-24T19:56:19" hostname="DESKTOP-KE215AE" time="0.036">
  <properties/>
  <testcase name="testRow" classname="Tests.RowTest" time="0.032"/>
  <testcase name="testSetLat" classname="Tests.RowTest" time="0.0"/>
  <testcase name="testSetLon" classname="Tests.RowTest" time="0.001"/>
  <system-out><![CDATA[]]></system-out>
  <system-err><![CDATA[]]></system-err>
</testsuite>
