<?xml version="1.0" encoding="UTF-8"?>
<testsuite name="Tests.WifiTest" tests="1" skipped="0" failures="0" errors="0" timestamp="2018-01-24T19:56:19" hostname="DESKTOP-KE215AE" time="0.001">
  <properties/>
  <testcase name="testEqualsTo" classname="Tests.WifiTest" time="0.001"/>
  <system-out><![CDATA[]]></system-out>
  <system-err><![CDATA[]]></system-err>
</testsuite>
